c:\users\katuha\documents\files\study\5sem\tkacheva_lr6\dll\x64\debug\dll.pch
c:\users\katuha\documents\files\study\5sem\tkacheva_lr6\dll\x64\debug\vc143.pdb
c:\users\katuha\documents\files\study\5sem\tkacheva_lr6\dll\x64\debug\vc143.idb
c:\users\katuha\documents\files\study\5sem\tkacheva_lr6\dll\x64\debug\pch.obj
c:\users\katuha\documents\files\study\5sem\tkacheva_lr6\dll\x64\debug\tkacheva_student.obj
c:\users\katuha\documents\files\study\5sem\tkacheva_lr6\dll\x64\debug\tkacheva_headman.obj
c:\users\katuha\documents\files\study\5sem\tkacheva_lr6\dll\x64\debug\tkacheva_group.obj
c:\users\katuha\documents\files\study\5sem\tkacheva_lr6\dll\x64\debug\dllmain.obj
c:\users\katuha\documents\files\study\5sem\tkacheva_lr6\dll\x64\debug\debug\dll.dll
c:\users\katuha\documents\files\study\5sem\tkacheva_lr6\dll\x64\debug\debug\dll.pdb
c:\users\katuha\documents\files\study\5sem\tkacheva_lr6\dll\x64\debug\debug\dll.lib
c:\users\katuha\documents\files\study\5sem\tkacheva_lr6\dll\x64\debug\debug\dll.exp
c:\users\katuha\documents\files\study\5sem\tkacheva_lr6\dll\x64\debug\dll.ilk
c:\users\katuha\documents\files\study\5sem\tkacheva_lr6\dll\x64\debug\dll.tlog\cl.command.1.tlog
c:\users\katuha\documents\files\study\5sem\tkacheva_lr6\dll\x64\debug\dll.tlog\cl.items.tlog
c:\users\katuha\documents\files\study\5sem\tkacheva_lr6\dll\x64\debug\dll.tlog\cl.read.1.tlog
c:\users\katuha\documents\files\study\5sem\tkacheva_lr6\dll\x64\debug\dll.tlog\cl.write.1.tlog
c:\users\katuha\documents\files\study\5sem\tkacheva_lr6\dll\x64\debug\dll.tlog\link.command.1.tlog
c:\users\katuha\documents\files\study\5sem\tkacheva_lr6\dll\x64\debug\dll.tlog\link.read.1.tlog
c:\users\katuha\documents\files\study\5sem\tkacheva_lr6\dll\x64\debug\dll.tlog\link.secondary.1.tlog
c:\users\katuha\documents\files\study\5sem\tkacheva_lr6\dll\x64\debug\dll.tlog\link.write.1.tlog
